Build started 15/08/2022 9:44:03 CH.
     1>Project "D:\Giải Thuật kì 3\Find_And_Arange_Chap2\Find_And_Arange_Chap2\Find_And_Arange_Chap2.vcxproj" on node 2 (build target(s)).
     1>InitializeBuildStatus:
         Creating "Debug\Find_And_Arange_Chap2.unsuccessfulbuild" because "AlwaysCreate" was specified.
       ClCompile:
         C:\Program Files (x86)\Microsoft Visual Studio 10.0\VC\bin\CL.exe /c /ZI /nologo /W3 /WX- /Od /Oy- /D _MBCS /Gm /EHsc /RTC1 /MDd /GS /fp:precise /Zc:wchar_t /Zc:forScope /Fo"Debug\\" /Fd"Debug\vc100.pdb" /Gd /TP /analyze- /errorReport:prompt test2.cpp
         test2.cpp
     1>d:\giải thuật kì 3\find_and_arange_chap2\find_and_arange_chap2\test2.h(25): warning C4244: 'argument' : conversion from 'time_t' to 'unsigned int', possible loss of data
     1>d:\giải thuật kì 3\find_and_arange_chap2\find_and_arange_chap2\test2.cpp(5): warning C4101: 'x' : unreferenced local variable
       Link:
         C:\Program Files (x86)\Microsoft Visual Studio 10.0\VC\bin\link.exe /ERRORREPORT:PROMPT /OUT:"D:\Giải Thuật kì 3\Find_And_Arange_Chap2\Debug\Find_And_Arange_Chap2.exe" /NOLOGO kernel32.lib user32.lib gdi32.lib winspool.lib comdlg32.lib advapi32.lib shell32.lib ole32.lib oleaut32.lib uuid.lib odbc32.lib odbccp32.lib /MANIFEST /ManifestFile:"Debug\Find_And_Arange_Chap2.exe.intermediate.manifest" /MANIFESTUAC:"level='asInvoker' uiAccess='false'" /DEBUG /PDB:"D:\Giải Thuật kì 3\Find_And_Arange_Chap2\Debug\Find_And_Arange_Chap2.pdb" /TLBID:1 /DYNAMICBASE /NXCOMPAT /IMPLIB:"D:\Giải Thuật kì 3\Find_And_Arange_Chap2\Debug\Find_And_Arange_Chap2.lib" /MACHINE:X86 "Debug\bài1.obj"
         Debug\test2.obj
         LINK : D:\Giải Thuật kì 3\Find_And_Arange_Chap2\Debug\Find_And_Arange_Chap2.exe not found or not built by the last incremental link; performing full link
         Find_And_Arange_Chap2.vcxproj -> D:\Giải Thuật kì 3\Find_And_Arange_Chap2\Debug\Find_And_Arange_Chap2.exe
       Manifest:
         C:\Program Files (x86)\Microsoft SDKs\Windows\v7.0A\bin\mt.exe /nologo /verbose /outputresource:"D:\Giải Thuật kì 3\Find_And_Arange_Chap2\Debug\Find_And_Arange_Chap2.exe;#1" /manifest Debug\Find_And_Arange_Chap2.exe.intermediate.manifest
       FinalizeBuildStatus:
         Deleting file "Debug\Find_And_Arange_Chap2.unsuccessfulbuild".
         Touching "Debug\Find_And_Arange_Chap2.lastbuildstate".
     1>Done Building Project "D:\Giải Thuật kì 3\Find_And_Arange_Chap2\Find_And_Arange_Chap2\Find_And_Arange_Chap2.vcxproj" (build target(s)).

Build succeeded.

Time Elapsed 00:00:01.26
