Build started 06/08/2022 9:21:46 CH.
     1>Project "D:\Giải Thuật kì 3\Danh Sách\Danh Sách\Danh Sách.vcxproj" on node 2 (build target(s)).
     1>InitializeBuildStatus:
         Creating "Debug\Danh Sách.unsuccessfulbuild" because "AlwaysCreate" was specified.
       ClCompile:
         C:\Program Files (x86)\Microsoft Visual Studio 10.0\VC\bin\CL.exe /c /Zi /nologo /W3 /WX- /Od /Oy- /D _MBCS /Gm /EHsc /RTC1 /MDd /GS /fp:precise /Zc:wchar_t /Zc:forScope /Fo"Debug\\" /Fd"Debug\vc100.pdb" /Gd /TP /analyze- /errorReport:prompt Bai17.cpp
         Bai17.cpp
       Link:
         C:\Program Files (x86)\Microsoft Visual Studio 10.0\VC\bin\link.exe /ERRORREPORT:PROMPT /OUT:"D:\Giải Thuật kì 3\Danh Sách\Debug\Danh Sách.exe" /NOLOGO kernel32.lib user32.lib gdi32.lib winspool.lib comdlg32.lib advapi32.lib shell32.lib ole32.lib oleaut32.lib uuid.lib odbc32.lib odbccp32.lib /MANIFEST /ManifestFile:"Debug\Danh Sách.exe.intermediate.manifest" /MANIFESTUAC:"level='asInvoker' uiAccess='false'" /DEBUG /PDB:"D:\Giải Thuật kì 3\Danh Sách\Debug\Danh Sách.pdb" /TLBID:1 /DYNAMICBASE /NXCOMPAT /IMPLIB:"D:\Giải Thuật kì 3\Danh Sách\Debug\Danh Sách.lib" /MACHINE:X86 Debug\Bai1.obj
         Debug\Bai13.obj
         Debug\Bai14.obj
         Debug\Bai16.obj
         Debug\Bai17.obj
         Debug\Bai4_Stack.obj
         Debug\Bai3_Strack.obj
         Debug\Bai5.obj
         Debug\Bai7.obj
         Debug\Listbt1.obj
         Debug\Ham2.obj
         Debug\Bai2.obj
         Debug\LK_Kep.obj
         Debug\Practice.obj
         LINK : D:\Giải Thuật kì 3\Danh Sách\Debug\Danh Sách.exe not found or not built by the last incremental link; performing full link
         Danh Sách.vcxproj -> D:\Giải Thuật kì 3\Danh Sách\Debug\Danh Sách.exe
       Manifest:
         C:\Program Files (x86)\Microsoft SDKs\Windows\v7.0A\bin\mt.exe /nologo /verbose /outputresource:"D:\Giải Thuật kì 3\Danh Sách\Debug\Danh Sách.exe;#1" /manifest "Debug\Danh Sách.exe.intermediate.manifest"
       FinalizeBuildStatus:
         Deleting file "Debug\Danh Sách.unsuccessfulbuild".
         Touching "Debug\Danh Sách.lastbuildstate".
     1>Done Building Project "D:\Giải Thuật kì 3\Danh Sách\Danh Sách\Danh Sách.vcxproj" (build target(s)).

Build succeeded.

Time Elapsed 00:00:01.44
