Build started 12/11/2022 11:39:43 CH.
     1>Project "D:\CODE\Giải Thuật kì 3\HashTable\HashTable\HashTable.vcxproj" on node 2 (build target(s)).
     1>InitializeBuildStatus:
         Creating "Debug\HashTable.unsuccessfulbuild" because "AlwaysCreate" was specified.
       ClCompile:
         C:\Program Files (x86)\Microsoft Visual Studio 10.0\VC\bin\CL.exe /c /ZI /nologo /W3 /WX- /Od /Oy- /D _MBCS /Gm /EHsc /RTC1 /MDd /GS /fp:precise /Zc:wchar_t /Zc:forScope /Fo"Debug\\" /Fd"Debug\vc100.pdb" /Gd /TP /analyze- /errorReport:prompt dictionary.cpp
         dictionary.cpp
     1>d:\code\giải thuật kì 3\hashtable\hashtable\dictionary.h(64): warning C4018: '<' : signed/unsigned mismatch
     1>d:\code\giải thuật kì 3\hashtable\hashtable\dictionary.h(72): warning C4018: '<' : signed/unsigned mismatch
     1>d:\code\giải thuật kì 3\hashtable\hashtable\dictionary.h(561): warning C4244: 'argument' : conversion from 'time_t' to 'unsigned int', possible loss of data
     1>d:\code\giải thuật kì 3\hashtable\hashtable\dictionary.cpp(4): warning C4129: 'D' : unrecognized character escape sequence
     1>d:\code\giải thuật kì 3\hashtable\hashtable\dictionary.cpp(5): warning C4129: 'D' : unrecognized character escape sequence
     1>d:\code\giải thuật kì 3\hashtable\hashtable\dictionary.cpp(6): warning C4129: 'q' : unrecognized character escape sequence
     1>d:\code\giải thuật kì 3\hashtable\hashtable\dictionary.cpp(7): warning C4129: 'q' : unrecognized character escape sequence
       Link:
         C:\Program Files (x86)\Microsoft Visual Studio 10.0\VC\bin\link.exe /ERRORREPORT:PROMPT /OUT:"D:\CODE\Giải Thuật kì 3\HashTable\Debug\HashTable.exe" /NOLOGO kernel32.lib user32.lib gdi32.lib winspool.lib comdlg32.lib advapi32.lib shell32.lib ole32.lib oleaut32.lib uuid.lib odbc32.lib odbccp32.lib /MANIFEST /ManifestFile:"Debug\HashTable.exe.intermediate.manifest" /MANIFESTUAC:"level='asInvoker' uiAccess='false'" /DEBUG /PDB:"D:\CODE\Giải Thuật kì 3\HashTable\Debug\HashTable.pdb" /TLBID:1 /DYNAMICBASE /NXCOMPAT /IMPLIB:"D:\CODE\Giải Thuật kì 3\HashTable\Debug\HashTable.lib" /MACHINE:X86 Debug\dictionary.obj
         Debug\HashTable1.obj
         Debug\test.obj
         LINK : D:\CODE\Giải Thuật kì 3\HashTable\Debug\HashTable.exe not found or not built by the last incremental link; performing full link
         HashTable.vcxproj -> D:\CODE\Giải Thuật kì 3\HashTable\Debug\HashTable.exe
       Manifest:
         C:\Program Files (x86)\Microsoft SDKs\Windows\v7.0A\bin\mt.exe /nologo /verbose /outputresource:"D:\CODE\Giải Thuật kì 3\HashTable\Debug\HashTable.exe;#1" /manifest Debug\HashTable.exe.intermediate.manifest
       FinalizeBuildStatus:
         Deleting file "Debug\HashTable.unsuccessfulbuild".
         Touching "Debug\HashTable.lastbuildstate".
     1>Done Building Project "D:\CODE\Giải Thuật kì 3\HashTable\HashTable\HashTable.vcxproj" (build target(s)).

Build succeeded.

Time Elapsed 00:00:02.45
