D:\CODE\EXERCISE\LUYệN_CôNG\DEBUG\LUYệN_CôNG.EXE
D:\CODE\EXERCISE\LUYệN_CôNG\DEBUG\LUYệN_CôNG.ILK
D:\CODE\EXERCISE\LUYỆN_CÔNG\DEBUG\LUYỆN_CÔNG.PDB
D:\CODE\EXERCISE\LUYệN_CôNG\LUYệN_CôNG\DEBUG\B_TREE.OBJ
D:\CODE\EXERCISE\LUYệN_CôNG\LUYệN_CôNG\DEBUG\BAITAP.OBJ
D:\CODE\EXERCISE\LUYệN_CôNG\LUYệN_CôNG\DEBUG\BANKING.OBJ
D:\CODE\EXERCISE\LUYệN_CôNG\LUYệN_CôNG\DEBUG\BT.OBJ
D:\CODE\EXERCISE\LUYệN_CôNG\LUYệN_CôNG\DEBUG\BTREE.OBJ
D:\CODE\EXERCISE\LUYệN_CôNG\LUYệN_CôNG\DEBUG\CAU1.OBJ
D:\CODE\EXERCISE\LUYệN_CôNG\LUYệN_CôNG\DEBUG\CấP_PHáT_ĐộNG.OBJ
D:\CODE\EXERCISE\LUYệN_CôNG\LUYệN_CôNG\DEBUG\CIRCLE.OBJ
D:\CODE\Exercise\Luyện_Công\Luyện_Công\Debug\cl.command.1.tlog
D:\CODE\Exercise\Luyện_Công\Luyện_Công\Debug\CL.read.1.tlog
D:\CODE\Exercise\Luyện_Công\Luyện_Công\Debug\CL.write.1.tlog
D:\CODE\EXERCISE\LUYệN_CôNG\LUYệN_CôNG\DEBUG\CLASS.OBJ
D:\CODE\EXERCISE\LUYệN_CôNG\LUYệN_CôNG\DEBUG\INTERNAL.OBJ
D:\CODE\EXERCISE\LUYệN_CôNG\LUYệN_CôNG\DEBUG\KEP.OBJ
D:\CODE\Exercise\Luyện_Công\Luyện_Công\Debug\link.command.1.tlog
D:\CODE\Exercise\Luyện_Công\Luyện_Công\Debug\link.read.1.tlog
D:\CODE\Exercise\Luyện_Công\Luyện_Công\Debug\link.write.1.tlog
D:\CODE\EXERCISE\LUYệN_CôNG\LUYệN_CôNG\DEBUG\LUYệN_CôNG.EXE.INTERMEDIATE.MANIFEST
D:\CODE\Exercise\Luyện_Công\Luyện_Công\Debug\Luyện_Công.vcxprojResolveAssemblyReference.cache
D:\CODE\Exercise\Luyện_Công\Luyện_Công\Debug\Luyện_Công.write.1.tlog
D:\CODE\Exercise\Luyện_Công\Luyện_Công\Debug\mt.command.1.tlog
D:\CODE\Exercise\Luyện_Công\Luyện_Công\Debug\mt.read.1.tlog
D:\CODE\Exercise\Luyện_Công\Luyện_Công\Debug\mt.write.1.tlog
D:\CODE\EXERCISE\LUYệN_CôNG\LUYệN_CôNG\DEBUG\PRACTICE.OBJ
D:\CODE\EXERCISE\LUYệN_CôNG\LUYệN_CôNG\DEBUG\SV.OBJ
D:\CODE\EXERCISE\LUYệN_CôNG\LUYệN_CôNG\DEBUG\TEST1.OBJ
D:\CODE\EXERCISE\LUYệN_CôNG\LUYệN_CôNG\DEBUG\TESTRUN.OBJ
D:\CODE\EXERCISE\LUYệN_CôNG\LUYệN_CôNG\DEBUG\THI2.OBJ
D:\CODE\EXERCISE\LUYệN_CôNG\LUYệN_CôNG\DEBUG\THU.OBJ
D:\CODE\Exercise\Luyện_Công\Luyện_Công\Debug\vc100.idb
D:\CODE\EXERCISE\LUYỆN_CÔNG\LUYỆN_CÔNG\DEBUG\VC100.PDB
D:\EXERCISE\LUYệN_CôNG\DEBUG\LUYệN_CôNG.EXE
D:\EXERCISE\LUYệN_CôNG\DEBUG\LUYệN_CôNG.ILK
D:\EXERCISE\LUYỆN_CÔNG\DEBUG\LUYỆN_CÔNG.PDB
D:\EXERCISE\LUYệN_CôNG\LUYệN_CôNG\DEBUG\B_TREE.OBJ
D:\EXERCISE\LUYệN_CôNG\LUYệN_CôNG\DEBUG\BAITAP.OBJ
D:\EXERCISE\LUYệN_CôNG\LUYệN_CôNG\DEBUG\BANKING.OBJ
D:\EXERCISE\LUYệN_CôNG\LUYệN_CôNG\DEBUG\BT.OBJ
D:\EXERCISE\LUYệN_CôNG\LUYệN_CôNG\DEBUG\CấP_PHáT_ĐộNG.OBJ
D:\EXERCISE\LUYệN_CôNG\LUYệN_CôNG\DEBUG\CIRCLE.OBJ
D:\EXERCISE\LUYệN_CôNG\LUYệN_CôNG\DEBUG\CLASS.OBJ
D:\EXERCISE\LUYệN_CôNG\LUYệN_CôNG\DEBUG\INTERNAL.OBJ
D:\EXERCISE\LUYệN_CôNG\LUYệN_CôNG\DEBUG\KEP.OBJ
D:\EXERCISE\LUYệN_CôNG\LUYệN_CôNG\DEBUG\LUYệN_CôNG.EXE.INTERMEDIATE.MANIFEST
D:\EXERCISE\LUYệN_CôNG\LUYệN_CôNG\DEBUG\PRACTICE.OBJ
D:\EXERCISE\LUYệN_CôNG\LUYệN_CôNG\DEBUG\SV.OBJ
D:\EXERCISE\LUYệN_CôNG\LUYệN_CôNG\DEBUG\TEST1.OBJ
D:\EXERCISE\LUYệN_CôNG\LUYệN_CôNG\DEBUG\THI2.OBJ
D:\EXERCISE\LUYệN_CôNG\LUYệN_CôNG\DEBUG\THU.OBJ
D:\EXERCISE\LUYỆN_CÔNG\LUYỆN_CÔNG\DEBUG\VC100.PDB
D:\STUDYCODE\EXERCISE\LUYệN_CôNG\DEBUG\LUYệN_CôNG.EXE
D:\STUDYCODE\EXERCISE\LUYệN_CôNG\DEBUG\LUYệN_CôNG.ILK
D:\STUDYCODE\EXERCISE\LUYỆN_CÔNG\DEBUG\LUYỆN_CÔNG.PDB
D:\STUDYCODE\EXERCISE\LUYệN_CôNG\LUYệN_CôNG\DEBUG\B_TREE.OBJ
D:\STUDYCODE\EXERCISE\LUYệN_CôNG\LUYệN_CôNG\DEBUG\BAITAP.OBJ
D:\STUDYCODE\EXERCISE\LUYệN_CôNG\LUYệN_CôNG\DEBUG\BANKING.OBJ
D:\STUDYCODE\EXERCISE\LUYệN_CôNG\LUYệN_CôNG\DEBUG\BT.OBJ
D:\STUDYCODE\EXERCISE\LUYệN_CôNG\LUYệN_CôNG\DEBUG\BTREE.OBJ
D:\STUDYCODE\EXERCISE\LUYệN_CôNG\LUYệN_CôNG\DEBUG\CấP_PHáT_ĐộNG.OBJ
D:\STUDYCODE\EXERCISE\LUYệN_CôNG\LUYệN_CôNG\DEBUG\CIRCLE.OBJ
D:\STUDYCODE\EXERCISE\LUYệN_CôNG\LUYệN_CôNG\DEBUG\CLASS.OBJ
D:\STUDYCODE\EXERCISE\LUYệN_CôNG\LUYệN_CôNG\DEBUG\INTERNAL.OBJ
D:\STUDYCODE\EXERCISE\LUYệN_CôNG\LUYệN_CôNG\DEBUG\KEP.OBJ
D:\STUDYCODE\EXERCISE\LUYệN_CôNG\LUYệN_CôNG\DEBUG\LUYệN_CôNG.EXE.INTERMEDIATE.MANIFEST
D:\STUDYCODE\EXERCISE\LUYệN_CôNG\LUYệN_CôNG\DEBUG\PRACTICE.OBJ
D:\STUDYCODE\EXERCISE\LUYệN_CôNG\LUYệN_CôNG\DEBUG\SV.OBJ
D:\STUDYCODE\EXERCISE\LUYệN_CôNG\LUYệN_CôNG\DEBUG\TEST1.OBJ
D:\STUDYCODE\EXERCISE\LUYệN_CôNG\LUYệN_CôNG\DEBUG\TESTRUN.OBJ
D:\STUDYCODE\EXERCISE\LUYệN_CôNG\LUYệN_CôNG\DEBUG\THI2.OBJ
D:\STUDYCODE\EXERCISE\LUYệN_CôNG\LUYệN_CôNG\DEBUG\THU.OBJ
D:\STUDYCODE\EXERCISE\LUYỆN_CÔNG\LUYỆN_CÔNG\DEBUG\VC100.PDB
